h:\computer science class\comp sci\review exercises - chapter 2\debug\vc141.pdb
h:\computer science class\comp sci\review exercises - chapter 2\debug\vc141.idb
h:\computer science class\comp sci\review exercises - chapter 2\debug\review questions - 17.obj
h:\computer science class\comp sci\review exercises - chapter 2\debug\review question - 18.obj
h:\computer science class\comp sci\review exercises - chapter 2\debug\review question - 20.obj
h:\computer science class\comp sci\review exercises - chapter 2\debug\algorithm workbench - 22.obj
h:\computer science class\comp sci\review exercises - chapter 2\debug\algorithm workbench - 21.obj
h:\computer science class\comp sci\review exercises - chapter 2\debug\algorithm workbench  - 22cpp.obj
h:\computer science class\comp sci\review exercises - chapter 2\debug\programming challenge - sum of two numbers.obj
h:\computer science class\comp sci\review exercises - chapter 2\debug\algorithm workbench - 24.obj
h:\computer science class\comp sci\review exercises - chapter 2\debug\programming challenge - sales prediction.obj
h:\computer science class\comp sci\review exercises - chapter 2\debug\programming challenges - sales tax.obj
h:\computer science class\comp sci\review exercises - chapter 2\debug\programmign challenge - restaurant bill.obj
h:\computer science class\comp sci\review exercises - chapter 2\debug\programming challenge - miles per gallon.obj
h:\computer science class\comp sci\review exercises - chapter 2\debug\programming challenge - distance per tank of gas.obj
h:\computer science class\comp sci\review exercises - chapter 2\debug\programming challenge - number of acres.obj
h:\computer science class\comp sci\review exercises - chapter 2\debug\programming challenge - land calculation.obj
h:\computer science class\comp sci\review exercises - chapter 2\debug\programming challenge - circuit  board price.obj
h:\computer science class\comp sci\debug\review exercises - chapter 2.exe
h:\computer science class\comp sci\debug\review exercises - chapter 2.ilk
h:\computer science class\comp sci\debug\review exercises - chapter 2.pdb
h:\computer science class\comp sci\review exercises - chapter 2\debug\review e.a33f0d9a.tlog\cl.command.1.tlog
h:\computer science class\comp sci\review exercises - chapter 2\debug\review e.a33f0d9a.tlog\cl.read.1.tlog
h:\computer science class\comp sci\review exercises - chapter 2\debug\review e.a33f0d9a.tlog\cl.write.1.tlog
h:\computer science class\comp sci\review exercises - chapter 2\debug\review e.a33f0d9a.tlog\link.command.1.tlog
h:\computer science class\comp sci\review exercises - chapter 2\debug\review e.a33f0d9a.tlog\link.read.1.tlog
h:\computer science class\comp sci\review exercises - chapter 2\debug\review e.a33f0d9a.tlog\link.write.1.tlog
