f:\computer science class\comp sci\comp sci\debug\vc141.pdb
f:\computer science class\comp sci\comp sci\debug\vc141.idb
f:\computer science class\comp sci\comp sci\debug\assignment 2.obj
f:\computer science class\comp sci\comp sci\debug\assignment 1.obj
f:\computer science class\comp sci\debug\comp sci.ilk
f:\computer science class\comp sci\debug\comp sci.exe
f:\computer science class\comp sci\debug\comp sci.pdb
e:\computer science class\comp sci\comp sci\debug\assignment 1.obj
e:\computer science class\comp sci\comp sci\debug\assignment 2.obj
e:\computer science class\comp sci\comp sci\debug\vc141.idb
e:\computer science class\comp sci\comp sci\debug\vc141.pdb
e:\computer science class\comp sci\debug\comp sci.pdb
e:\computer science class\comp sci\debug\comp sci.exe
e:\computer science class\comp sci\debug\comp sci.ilk
e:\computer science class\comp sci\comp sci\debug\comp sci.tlog\cl.command.1.tlog
e:\computer science class\comp sci\comp sci\debug\comp sci.tlog\cl.read.1.tlog
e:\computer science class\comp sci\comp sci\debug\comp sci.tlog\cl.write.1.tlog
e:\computer science class\comp sci\comp sci\debug\comp sci.tlog\link.command.1.tlog
e:\computer science class\comp sci\comp sci\debug\comp sci.tlog\link.read.1.tlog
e:\computer science class\comp sci\comp sci\debug\comp sci.tlog\link.write.1.tlog
